30429:C 25 May 2025 23:53:13.332 * oO0OoO0OoO0Oo Redis is starting oO0OoO0OoO0Oo
30429:C 25 May 2025 23:53:13.333 * Redis version=8.0.1, bits=64, commit=00000000, modified=1, pid=30429, just started
30429:C 25 May 2025 23:53:13.333 # Warning: no config file specified, using the default config. In order to specify a config file use redis-server /path/to/redis.conf
30429:M 25 May 2025 23:53:13.333 * monotonic clock: POSIX clock_gettime
30429:M 25 May 2025 23:53:13.333 * Running mode=standalone, port=6379.
30429:M 25 May 2025 23:53:13.333 # WARNING: The TCP backlog setting of 511 cannot be enforced because kern.ipc.somaxconn is set to the lower value of 128.
30429:M 25 May 2025 23:53:13.339 # Warning: Could not create server TCP listening socket *:6379: bind: Address already in use
30429:M 25 May 2025 23:53:13.339 # Failed listening on port 6379 (tcp), aborting.
2119:C 26 May 2025 08:55:19.119 * oO0OoO0OoO0Oo Redis is starting oO0OoO0OoO0Oo
2119:C 26 May 2025 08:55:19.119 * Redis version=8.0.1, bits=64, commit=00000000, modified=1, pid=2119, just started
2119:C 26 May 2025 08:55:19.119 * Configuration loaded
2119:M 26 May 2025 08:55:19.120 * monotonic clock: POSIX clock_gettime
2119:M 26 May 2025 08:55:19.121 * Running mode=standalone, port=6379.
2119:M 26 May 2025 08:55:19.121 # WARNING: The TCP backlog setting of 511 cannot be enforced because kern.ipc.somaxconn is set to the lower value of 128.
2119:M 26 May 2025 08:55:19.121 * Server initialized
2119:M 26 May 2025 08:55:19.122 * Ready to accept connections tcp
2119:signal-handler (1748286604) Received SIGTERM scheduling shutdown...
2119:M 27 May 2025 03:10:04.522 * User requested shutdown...
2119:M 27 May 2025 03:10:04.522 * Saving the final RDB snapshot before exiting.
2119:M 27 May 2025 03:10:04.542 * DB saved on disk
2119:M 27 May 2025 03:10:04.543 * Removing the pid file.
2119:M 27 May 2025 03:10:04.546 # Redis is now ready to exit, bye bye...
